07-08-2022 20:35:27 [INFO] [restartedMain] com.springboot.demo.VaccinationCenterBootDemoApplication[1.] Starting VaccinationCenterBootDemoApplication using Java 1.8.0_341 on Sahils-MacBook-Air.local with PID 4531 (/Users/sahil/sts-workspace/VaccinationCenterBootDemo/target/classes started by sahil in /Users/sahil/sts-workspace/VaccinationCenterBootDemo) 
07-08-2022 20:35:27 [DEBUG] [restartedMain] com.springboot.demo.VaccinationCenterBootDemoApplication[1.] Running with Spring Boot v2.7.2, Spring v5.3.22 
07-08-2022 20:35:27 [INFO] [restartedMain] com.springboot.demo.VaccinationCenterBootDemoApplication[1.] The following 1 profile is active: "dev" 
07-08-2022 20:35:27 [INFO] [restartedMain] org.springframework.boot.devtools.env.DevToolsPropertyDefaultsPostProcessor[1.] Devtools property defaults active! Set 'spring.devtools.add-properties' to 'false' to disable 
07-08-2022 20:35:27 [INFO] [restartedMain] org.springframework.boot.devtools.env.DevToolsPropertyDefaultsPostProcessor[1.] For additional web related logging consider setting the 'logging.level.web' property to 'DEBUG' 
07-08-2022 20:35:28 [INFO] [restartedMain] org.springframework.data.repository.config.RepositoryConfigurationDelegate[1.] Bootstrapping Spring Data JPA repositories in DEFAULT mode. 
07-08-2022 20:35:28 [INFO] [restartedMain] org.springframework.data.repository.config.RepositoryConfigurationDelegate[1.] Finished Spring Data repository scanning in 45 ms. Found 1 JPA repository interfaces. 
07-08-2022 20:35:29 [INFO] [restartedMain] org.springframework.boot.web.embedded.tomcat.TomcatWebServer[1.] Tomcat initialized with port(s): 9090 (http) 
07-08-2022 20:35:29 [INFO] [restartedMain] org.apache.catalina.core.StandardService[1.] Starting service [Tomcat] 
07-08-2022 20:35:29 [INFO] [restartedMain] org.apache.catalina.core.StandardEngine[1.] Starting Servlet engine: [Apache Tomcat/9.0.65] 
07-08-2022 20:35:29 [INFO] [restartedMain] org.apache.catalina.core.ContainerBase.[Tomcat].[localhost].[/][1.] Initializing Spring embedded WebApplicationContext 
07-08-2022 20:35:29 [INFO] [restartedMain] org.springframework.boot.web.servlet.context.ServletWebServerApplicationContext[1.] Root WebApplicationContext: initialization completed in 1393 ms 
07-08-2022 20:35:29 [INFO] [restartedMain] org.hibernate.jpa.internal.util.LogHelper[1.] HHH000204: Processing PersistenceUnitInfo [name: default] 
07-08-2022 20:35:29 [INFO] [restartedMain] org.hibernate.Version[1.] HHH000412: Hibernate ORM core version 5.6.10.Final 
07-08-2022 20:35:29 [INFO] [restartedMain] org.hibernate.annotations.common.Version[1.] HCANN000001: Hibernate Commons Annotations {5.1.2.Final} 
07-08-2022 20:35:29 [INFO] [restartedMain] com.zaxxer.hikari.HikariDataSource[1.] HikariPool-1 - Starting... 
07-08-2022 20:35:29 [INFO] [restartedMain] com.zaxxer.hikari.HikariDataSource[1.] HikariPool-1 - Start completed. 
07-08-2022 20:35:29 [INFO] [restartedMain] org.hibernate.dialect.Dialect[1.] HHH000400: Using dialect: org.hibernate.dialect.MySQL8Dialect 
07-08-2022 20:35:30 [INFO] [restartedMain] org.hibernate.engine.transaction.jta.platform.internal.JtaPlatformInitiator[1.] HHH000490: Using JtaPlatform implementation: [org.hibernate.engine.transaction.jta.platform.internal.NoJtaPlatform] 
07-08-2022 20:35:30 [INFO] [restartedMain] org.springframework.orm.jpa.LocalContainerEntityManagerFactoryBean[1.] Initialized JPA EntityManagerFactory for persistence unit 'default' 
07-08-2022 20:35:30 [WARN] [restartedMain] org.springframework.boot.autoconfigure.orm.jpa.JpaBaseConfiguration$JpaWebConfiguration[1.] spring.jpa.open-in-view is enabled by default. Therefore, database queries may be performed during view rendering. Explicitly configure spring.jpa.open-in-view to disable this warning 
07-08-2022 20:35:30 [INFO] [restartedMain] org.springframework.boot.devtools.autoconfigure.OptionalLiveReloadServer[1.] LiveReload server is running on port 35729 
07-08-2022 20:35:30 [INFO] [restartedMain] org.springframework.boot.web.embedded.tomcat.TomcatWebServer[1.] Tomcat started on port(s): 9090 (http) with context path '' 
07-08-2022 20:35:30 [INFO] [restartedMain] com.springboot.demo.VaccinationCenterBootDemoApplication[1.] Started VaccinationCenterBootDemoApplication in 3.578 seconds (JVM running for 4.183) 
07-08-2022 20:36:17 [INFO] [Thread-7] org.springframework.orm.jpa.LocalContainerEntityManagerFactoryBean[1.] Closing JPA EntityManagerFactory for persistence unit 'default' 
07-08-2022 20:36:17 [INFO] [Thread-7] com.zaxxer.hikari.HikariDataSource[1.] HikariPool-1 - Shutdown initiated... 
07-08-2022 20:36:17 [INFO] [Thread-7] com.zaxxer.hikari.HikariDataSource[1.] HikariPool-1 - Shutdown completed. 
07-08-2022 20:36:17 [INFO] [restartedMain] com.springboot.demo.VaccinationCenterBootDemoApplication[1.] Starting VaccinationCenterBootDemoApplication using Java 1.8.0_341 on Sahils-MacBook-Air.local with PID 4531 (/Users/sahil/sts-workspace/VaccinationCenterBootDemo/target/classes started by sahil in /Users/sahil/sts-workspace/VaccinationCenterBootDemo) 
07-08-2022 20:36:17 [DEBUG] [restartedMain] com.springboot.demo.VaccinationCenterBootDemoApplication[1.] Running with Spring Boot v2.7.2, Spring v5.3.22 
07-08-2022 20:36:17 [INFO] [restartedMain] com.springboot.demo.VaccinationCenterBootDemoApplication[1.] The following 1 profile is active: "dev" 
07-08-2022 20:36:17 [INFO] [restartedMain] org.springframework.data.repository.config.RepositoryConfigurationDelegate[1.] Bootstrapping Spring Data JPA repositories in DEFAULT mode. 
07-08-2022 20:36:17 [INFO] [restartedMain] org.springframework.data.repository.config.RepositoryConfigurationDelegate[1.] Finished Spring Data repository scanning in 7 ms. Found 1 JPA repository interfaces. 
07-08-2022 20:36:17 [INFO] [restartedMain] org.springframework.boot.web.embedded.tomcat.TomcatWebServer[1.] Tomcat initialized with port(s): 9090 (http) 
07-08-2022 20:36:17 [INFO] [restartedMain] org.apache.catalina.core.StandardService[1.] Starting service [Tomcat] 
07-08-2022 20:36:17 [INFO] [restartedMain] org.apache.catalina.core.StandardEngine[1.] Starting Servlet engine: [Apache Tomcat/9.0.65] 
07-08-2022 20:36:17 [INFO] [restartedMain] org.apache.catalina.core.ContainerBase.[Tomcat].[localhost].[/][1.] Initializing Spring embedded WebApplicationContext 
07-08-2022 20:36:17 [INFO] [restartedMain] org.springframework.boot.web.servlet.context.ServletWebServerApplicationContext[1.] Root WebApplicationContext: initialization completed in 319 ms 
07-08-2022 20:36:17 [INFO] [restartedMain] org.hibernate.jpa.internal.util.LogHelper[1.] HHH000204: Processing PersistenceUnitInfo [name: default] 
07-08-2022 20:36:17 [INFO] [restartedMain] com.zaxxer.hikari.HikariDataSource[1.] HikariPool-2 - Starting... 
07-08-2022 20:36:17 [INFO] [restartedMain] com.zaxxer.hikari.HikariDataSource[1.] HikariPool-2 - Start completed. 
07-08-2022 20:36:18 [INFO] [restartedMain] org.hibernate.dialect.Dialect[1.] HHH000400: Using dialect: org.hibernate.dialect.MySQL8Dialect 
07-08-2022 20:36:18 [INFO] [restartedMain] org.hibernate.engine.transaction.jta.platform.internal.JtaPlatformInitiator[1.] HHH000490: Using JtaPlatform implementation: [org.hibernate.engine.transaction.jta.platform.internal.NoJtaPlatform] 
07-08-2022 20:36:18 [INFO] [restartedMain] org.springframework.orm.jpa.LocalContainerEntityManagerFactoryBean[1.] Initialized JPA EntityManagerFactory for persistence unit 'default' 
07-08-2022 20:36:18 [WARN] [restartedMain] org.springframework.boot.autoconfigure.orm.jpa.JpaBaseConfiguration$JpaWebConfiguration[1.] spring.jpa.open-in-view is enabled by default. Therefore, database queries may be performed during view rendering. Explicitly configure spring.jpa.open-in-view to disable this warning 
07-08-2022 20:36:18 [INFO] [restartedMain] org.springframework.boot.devtools.autoconfigure.OptionalLiveReloadServer[1.] LiveReload server is running on port 35729 
07-08-2022 20:36:18 [INFO] [restartedMain] org.springframework.boot.web.embedded.tomcat.TomcatWebServer[1.] Tomcat started on port(s): 9090 (http) with context path '' 
07-08-2022 20:36:18 [INFO] [restartedMain] com.springboot.demo.VaccinationCenterBootDemoApplication[1.] Started VaccinationCenterBootDemoApplication in 0.791 seconds (JVM running for 51.515) 
07-08-2022 20:36:18 [INFO] [restartedMain] org.springframework.boot.devtools.autoconfigure.ConditionEvaluationDeltaLoggingListener[1.] Condition evaluation unchanged 
07-08-2022 20:36:43 [INFO] [http-nio-9090-exec-1] org.apache.catalina.core.ContainerBase.[Tomcat].[localhost].[/][1.] Initializing Spring DispatcherServlet 'dispatcherServlet' 
07-08-2022 20:36:43 [INFO] [http-nio-9090-exec-1] org.springframework.web.servlet.DispatcherServlet[1.] Initializing Servlet 'dispatcherServlet' 
07-08-2022 20:36:43 [INFO] [http-nio-9090-exec-1] org.springframework.web.servlet.DispatcherServlet[1.] Completed initialization in 4 ms 
07-08-2022 20:36:43 [INFO] [http-nio-9090-exec-1] com.springboot.demo.controller.PersonController[1.] Person Created 
07-08-2022 20:38:33 [INFO] [Thread-9] org.springframework.orm.jpa.LocalContainerEntityManagerFactoryBean[1.] Closing JPA EntityManagerFactory for persistence unit 'default' 
07-08-2022 20:38:33 [INFO] [Thread-9] com.zaxxer.hikari.HikariDataSource[1.] HikariPool-2 - Shutdown initiated... 
07-08-2022 20:38:33 [INFO] [Thread-9] com.zaxxer.hikari.HikariDataSource[1.] HikariPool-2 - Shutdown completed. 
